This file contains any messages produced by compilers while
running configure, to aid debugging if configure makes a mistake.

It was created by configure 0, which was
generated by GNU Autoconf 2.68.  Invocation command line was

  $ ./configure 

## --------- ##
## Platform. ##
## --------- ##

hostname = ROMAIN
uname -m = x86_64
uname -r = 3.11.0-15-generic
uname -s = Linux
uname -v = #25~precise1-Ubuntu SMP Thu Jan 30 17:39:31 UTC 2014

/usr/bin/uname -p = unknown
/bin/uname -X     = unknown

/bin/arch              = unknown
/usr/bin/arch -k       = unknown
/usr/convex/getsysinfo = unknown
/usr/bin/hostinfo      = unknown
/bin/machine           = unknown
/usr/bin/oslevel       = unknown
/bin/universe          = unknown

PATH: /usr/lib/lightdm/lightdm
PATH: /usr/local/sbin
PATH: /usr/local/bin
PATH: /usr/sbin
PATH: /usr/bin
PATH: /sbin
PATH: /bin
PATH: /usr/games


## ----------- ##
## Core tests. ##
## ----------- ##

configure:1657: checking for pvs
configure:1673: found /usr/local/bin/pvs
configure:1685: result: pvs
configure:1699: checking PVS version
configure:1705: result: 6.0
configure:1720: checking for NASA PVS library
configure:1730: result: yes
configure:1740: checking for why3
configure:1756: found /usr/local/bin/why3
configure:1768: result: why3
configure:1779: checking why3 version
configure:1784: result: 0.83
configure:1798: checking for frama-c
configure:1814: found /usr/local/bin/frama-c
configure:1826: result: frama-c
configure:1839: checking Frama-C version
configure:1842: result: Neon-20140301
configure:2005: creating ./config.status

## ---------------------- ##
## Running config.status. ##
## ---------------------- ##

This file was extended by config.status 0, which was
generated by GNU Autoconf 2.68.  Invocation command line was

  CONFIG_FILES    = 
  CONFIG_HEADERS  = 
  CONFIG_LINKS    = 
  CONFIG_COMMANDS = 
  $ ./config.status 

on ROMAIN

config.status:727: creating compile-lisp.sh

## ---------------- ##
## Cache variables. ##
## ---------------- ##

ac_cv_env_build_alias_set=
ac_cv_env_build_alias_value=
ac_cv_env_host_alias_set=
ac_cv_env_host_alias_value=
ac_cv_env_target_alias_set=
ac_cv_env_target_alias_value=
ac_cv_prog_FRAMAC=frama-c
ac_cv_prog_PVS=pvs
ac_cv_prog_WHY3=why3

## ----------------- ##
## Output variables. ##
## ----------------- ##

DEFS='-DPACKAGE_NAME=\"\" -DPACKAGE_TARNAME=\"\" -DPACKAGE_VERSION=\"0\" -DPACKAGE_STRING=\"\ 0\" -DPACKAGE_BUGREPORT=\"jobredeaux@gatech.edu\" -DPACKAGE_URL=\"\"'
ECHO_C=''
ECHO_N='-n'
ECHO_T=''
FRAMAC='frama-c'
LIBOBJS=''
LIBS=''
LTLIBOBJS=''
PACKAGE_BUGREPORT='jobredeaux@gatech.edu'
PACKAGE_NAME=''
PACKAGE_STRING=' 0'
PACKAGE_TARNAME=''
PACKAGE_URL=''
PACKAGE_VERSION='0'
PATH_SEPARATOR=':'
PVS='pvs'
SHELL='/bin/bash'
WHY3='why3'
bindir='${exec_prefix}/bin'
build_alias=''
datadir='${datarootdir}'
datarootdir='${prefix}/share'
docdir='${datarootdir}/doc/${PACKAGE}'
dvidir='${docdir}'
exec_prefix='${prefix}'
host_alias=''
htmldir='${docdir}'
includedir='${prefix}/include'
infodir='${datarootdir}/info'
libdir='${exec_prefix}/lib'
libexecdir='${exec_prefix}/libexec'
localedir='${datarootdir}/locale'
localstatedir='${prefix}/var'
mandir='${datarootdir}/man'
oldincludedir='/usr/include'
pdfdir='${docdir}'
prefix='/usr/local'
program_transform_name='s,x,x,'
psdir='${docdir}'
sbindir='${exec_prefix}/sbin'
sharedstatedir='${prefix}/com'
sysconfdir='${prefix}/etc'
target_alias=''

## ----------- ##
## confdefs.h. ##
## ----------- ##

/* confdefs.h */
#define PACKAGE_NAME ""
#define PACKAGE_TARNAME ""
#define PACKAGE_VERSION "0"
#define PACKAGE_STRING " 0"
#define PACKAGE_BUGREPORT "jobredeaux@gatech.edu"
#define PACKAGE_URL ""

configure: exit 0
